<?xml version="1.0" encoding="UTF-8"?>
<!-- Generated by org.testng.reporters.JUnitReportReporter -->
<testsuite hostname="DESKTOP-RFGG51U" failures="0" tests="5" name="day28.LearnAttributes" time="3.098" errors="1" timestamp="2023-11-02T12:33:12 IST" skipped="3">
  <testcase classname="day28.LearnAttributes" name="loginFb" time="3.089">
    <error message="Method day28.LearnAttributes.loginFb() didn&#039;t finish within the time-out 3000" type="org.testng.internal.thread.ThreadTimeoutException">
      <![CDATA[org.testng.internal.thread.ThreadTimeoutException: Method day28.LearnAttributes.loginFb() didn't finish within the time-out 3000
]]>
    </error>
  </testcase> <!-- loginFb -->
  <testcase classname="day28.LearnAttributes" name="feedFb" time="0.009"/>
  <testcase classname="day28.LearnAttributes" name="createLead">
    <skipped/>
  </testcase> <!-- createLead -->
  <testcase classname="day28.LearnAttributes" name="deleteLead">
    <skipped/>
  </testcase> <!-- deleteLead -->
  <testcase classname="day28.LearnAttributes" name="editLead">
    <skipped/>
  </testcase> <!-- editLead -->
</testsuite> <!-- day28.LearnAttributes -->
