<?xml version="1.0" encoding="UTF-8"?>
<!-- Generated by org.testng.reporters.JUnitReportReporter -->
<testsuite hostname="DESKTOP-RFGG51U" failures="0" tests="1" name="day28.SpiceJetClass" time="68.353" errors="0" timestamp="2023-11-20T17:10:30 IST" skipped="0">
  <testcase classname="day28.SpiceJetClass" name="spicejet" time="68.353"/>
</testsuite> <!-- day28.SpiceJetClass -->
