<?xml version="1.0" encoding="UTF-8"?>
<!-- Generated by org.testng.reporters.JUnitReportReporter -->
<testsuite hostname="DESKTOP-RFGG51U" failures="0" tests="1" name="day28.SignUp" time="16.045" errors="0" timestamp="2023-11-03T12:07:42 IST" skipped="0">
  <testcase classname="day28.SignUp" name="signUpTest" time="16.045"/>
</testsuite> <!-- day28.SignUp -->
