<?xml version="1.0" encoding="UTF-8"?>
<!-- Generated by org.testng.reporters.JUnitReportReporter -->
<testsuite hostname="DESKTOP-RFGG51U" failures="0" tests="2" name="day28.LearnAnnotation" time="0.042" errors="0" timestamp="2023-11-02T11:14:26 IST" skipped="0">
  <testcase classname="day28.LearnAnnotation" name="test" time="0.035"/>
  <testcase classname="day28.LearnAnnotation" name="test1" time="0.007"/>
</testsuite> <!-- day28.LearnAnnotation -->
