<?xml version="1.0" encoding="UTF-8"?>
<!-- Generated by org.testng.reporters.JUnitReportReporter -->
<testsuite hostname="DESKTOP-RFGG51U" failures="0" tests="1" name="day28.LogIn" time="27.862" errors="0" timestamp="2023-11-07T12:10:42 IST" skipped="0">
  <testcase classname="day28.LogIn" name="loginTest" time="27.862"/>
</testsuite> <!-- day28.LogIn -->
